#
# There is insufficient memory for the Java Runtime Environment to continue.
# Native memory allocation (malloc) failed to allocate 1437776 bytes for Chunk::new
# Possible reasons:
#   The system is out of physical RAM or swap space
#   In 32 bit mode, the process size limit was hit
# Possible solutions:
#   Reduce memory load on the system
#   Increase physical memory or swap space
#   Check if swap backing store is full
#   Use 64 bit Java on a 64 bit OS
#   Decrease Java heap size (-Xmx/-Xms)
#   Decrease number of Java threads
#   Decrease Java thread stack sizes (-Xss)
#   Set larger code cache with -XX:ReservedCodeCacheSize=
# This output file may be truncated or incomplete.
#
#  Out of Memory Error (allocation.cpp:390), pid=11232, tid=8592
#
# JRE version: Java(TM) SE Runtime Environment (8.0_66-b18) (build 1.8.0_66-b18)
# Java VM: Java HotSpot(TM) 64-Bit Server VM (25.66-b18 mixed mode windows-amd64 compressed oops)
# Failed to write core dump. Minidumps are not enabled by default on client versions of Windows
#

---------------  T H R E A D  ---------------

Current thread (0x00000000565a4800):  JavaThread "C2 CompilerThread0" daemon [_thread_in_native, id=8592, stack(0x0000000056d50000,0x0000000056e50000)]

Stack: [0x0000000056d50000,0x0000000056e50000]
[error occurred during error reporting (printing stack bounds), id 0xc0000005]

Native frames: (J=compiled Java code, j=interpreted, Vv=VM code, C=native code)


Current CompileTask:
C2: 183709 12659       4       com.android.utils.XmlUtils::append (540 bytes)


---------------  P R O C E S S  ---------------

Java Threads: ( => current thread )
  0x00000000596d9800 JavaThread "stdout" daemon [_thread_new, id=5652, stack(0x0000000000000000,0x0000000000000000)]
  0x00000000596d9000 JavaThread "stderr" daemon [_thread_in_native, id=9812, stack(0x0000000067300000,0x0000000067400000)]
  0x000000005ae35000 JavaThread "png-cruncher_20" daemon [_thread_blocked, id=9720, stack(0x0000000066f90000,0x0000000067090000)]
  0x000000005ae34000 JavaThread "png-cruncher_19" daemon [_thread_blocked, id=9324, stack(0x00000000670d0000,0x00000000671d0000)]
  0x000000005ae33800 JavaThread "png-cruncher_18" daemon [_thread_new, id=9204, stack(0x0000000000000000,0x0000000000000000)]
  0x000000005ae32800 JavaThread "png-cruncher_17" daemon [_thread_blocked, id=6856, stack(0x0000000066880000,0x0000000066980000)]
  0x000000005ae32000 JavaThread "png-cruncher_16" daemon [_thread_blocked, id=10380, stack(0x0000000066d10000,0x0000000066e10000)]
  0x000000005ae31000 JavaThread "png-cruncher_15" daemon [_thread_blocked, id=3884, stack(0x0000000066be0000,0x0000000066ce0000)]
  0x000000005ae30800 JavaThread "png-cruncher_14" daemon [_thread_in_native, id=10672, stack(0x0000000065ed0000,0x0000000065fd0000)]
  0x000000005ae2f800 JavaThread "png-cruncher_13" daemon [_thread_blocked, id=10044, stack(0x0000000066990000,0x0000000066a90000)]
  0x000000005ae2f000 JavaThread "png-cruncher_12" daemon [_thread_blocked, id=11068, stack(0x0000000064d00000,0x0000000064e00000)]
  0x000000005ae2e000 JavaThread "png-cruncher_11" daemon [_thread_blocked, id=4268, stack(0x0000000066720000,0x0000000066820000)]
  0x000000005dae6800 JavaThread "stdout" daemon [_thread_in_native, id=10828, stack(0x0000000066540000,0x0000000066640000)]
  0x000000005dae6000 JavaThread "stderr" daemon [_thread_in_native, id=10768, stack(0x0000000066350000,0x0000000066450000)]
  0x000000005dae5000 JavaThread "stdout" daemon [_thread_in_native, id=4920, stack(0x0000000063a10000,0x0000000063b10000)]
  0x000000005dae4800 JavaThread "stderr" daemon [_thread_in_native, id=10316, stack(0x00000000661a0000,0x00000000662a0000)]
  0x000000005dae3800 JavaThread "stdout" daemon [_thread_in_native, id=8000, stack(0x0000000066010000,0x0000000066110000)]
  0x000000005dae3000 JavaThread "stderr" daemon [_thread_in_native, id=10688, stack(0x0000000065dc0000,0x0000000065ec0000)]
  0x000000005dae2000 JavaThread "stdout" daemon [_thread_in_native, id=1688, stack(0x0000000065c70000,0x0000000065d70000)]
  0x000000005dae1800 JavaThread "stderr" daemon [_thread_in_native, id=9024, stack(0x0000000065ac0000,0x0000000065bc0000)]
  0x000000005dae0800 JavaThread "stdout" daemon [_thread_in_native, id=10812, stack(0x0000000065920000,0x0000000065a20000)]
  0x000000005dae0000 JavaThread "stderr" daemon [_thread_in_native, id=10304, stack(0x0000000063c40000,0x0000000063d40000)]
  0x000000005b8d1000 JavaThread "png-cruncher_10" daemon [_thread_blocked, id=10500, stack(0x0000000065770000,0x0000000065870000)]
  0x000000005b8d0000 JavaThread "png-cruncher_9" daemon [_thread_blocked, id=8684, stack(0x0000000065630000,0x0000000065730000)]
  0x000000005b8cf800 JavaThread "png-cruncher_8" daemon [_thread_blocked, id=1388, stack(0x00000000654f0000,0x00000000655f0000)]
  0x000000005b8ce800 JavaThread "png-cruncher_7" daemon [_thread_blocked, id=9600, stack(0x00000000653f0000,0x00000000654f0000)]
  0x000000005b8ce000 JavaThread "png-cruncher_6" daemon [_thread_blocked, id=10328, stack(0x00000000651f0000,0x00000000652f0000)]
  0x000000005b8cd000 JavaThread "stdout" daemon [_thread_in_native, id=11052, stack(0x0000000064e00000,0x0000000064f00000)]
  0x000000005b8cc800 JavaThread "stdout" daemon [_thread_in_native, id=11220, stack(0x0000000064be0000,0x0000000064ce0000)]
  0x000000005b8cb800 JavaThread "stderr" daemon [_thread_in_native, id=10060, stack(0x00000000635e0000,0x00000000636e0000)]
  0x000000005b8cb000 JavaThread "stderr" daemon [_thread_in_native, id=9212, stack(0x00000000649f0000,0x0000000064af0000)]
  0x000000005b8ca000 JavaThread "stdout" daemon [_thread_in_native, id=9320, stack(0x0000000064860000,0x0000000064960000)]
  0x000000005b051000 JavaThread "stderr" daemon [_thread_in_native, id=11244, stack(0x00000000646f0000,0x00000000647f0000)]
  0x000000005b050000 JavaThread "stdout" daemon [_thread_in_native, id=9336, stack(0x0000000064580000,0x0000000064680000)]
  0x000000005b04f800 JavaThread "stderr" daemon [_thread_in_native, id=9832, stack(0x0000000064390000,0x0000000064490000)]
  0x000000005b04e800 JavaThread "stdout" daemon [_thread_in_native, id=7556, stack(0x00000000641a0000,0x00000000642a0000)]
  0x000000005b04e000 JavaThread "stderr" daemon [_thread_in_native, id=9696, stack(0x0000000064030000,0x0000000064130000)]
  0x000000005b04d000 JavaThread "png-cruncher_5" daemon [_thread_blocked, id=4336, stack(0x0000000063ed0000,0x0000000063fd0000)]
  0x000000005b04c800 JavaThread "png-cruncher_4" daemon [_thread_blocked, id=10776, stack(0x0000000063d50000,0x0000000063e50000)]
  0x000000005b04b800 JavaThread "png-cruncher_3" daemon [_thread_blocked, id=8420, stack(0x0000000063b10000,0x0000000063c10000)]
  0x000000005b04b000 JavaThread "png-cruncher_2" daemon [_thread_blocked, id=11088, stack(0x0000000063910000,0x0000000063a10000)]
  0x000000005b04a000 JavaThread "png-cruncher_1" daemon [_thread_blocked, id=4792, stack(0x00000000633e0000,0x00000000634e0000)]
  0x000000005c279800 JavaThread "pool-2-thread-4" [_thread_in_native, id=10440, stack(0x0000000063750000,0x0000000063850000)]
  0x000000005c278800 JavaThread "pool-2-thread-3" [_thread_in_native, id=10272, stack(0x00000000634e0000,0x00000000635e0000)]
  0x000000005c278000 JavaThread "pool-2-thread-2" [_thread_in_native, id=5392, stack(0x0000000060650000,0x0000000060750000)]
  0x000000005c277000 JavaThread "pool-2-thread-1" [_thread_in_native, id=9940, stack(0x000000005d220000,0x000000005d320000)]
  0x000000005c274000 JavaThread "Stdin handler" [_thread_blocked, id=2076, stack(0x000000005a9b0000,0x000000005aab0000)]
  0x000000005c275000 JavaThread "Daemon worker Thread 2" [_thread_in_native, id=5556, stack(0x000000005a030000,0x000000005a130000)]
  0x0000000058f80800 JavaThread "Cancel handler" [_thread_blocked, id=1644, stack(0x00000000582a0000,0x00000000583a0000)]
  0x0000000058f80000 JavaThread "Handler for socket connection from /127.0.0.1:61997 to /127.0.0.1:62991" [_thread_in_native, id=9644, stack(0x000000005a260000,0x000000005a360000)]
  0x0000000058f7f000 JavaThread "Daemon Thread 2" [_thread_blocked, id=9944, stack(0x0000000059c80000,0x0000000059d80000)]
  0x0000000059c0a800 JavaThread "File lock request listener" [_thread_in_native, id=7084, stack(0x000000005bb20000,0x000000005bc20000)]
  0x0000000057763000 JavaThread "Incoming local TCP Connector on port 61997" [_thread_in_native, id=10948, stack(0x0000000057e30000,0x0000000057f30000)]
  0x000000005517f800 JavaThread "Service Thread" daemon [_thread_blocked, id=10352, stack(0x0000000057270000,0x0000000057370000)]
  0x00000000565ab800 JavaThread "C1 CompilerThread2" daemon [_thread_blocked, id=10576, stack(0x0000000056ff0000,0x00000000570f0000)]
  0x00000000565a9800 JavaThread "C2 CompilerThread1" daemon [_thread_in_native, id=8800, stack(0x0000000056ee0000,0x0000000056fe0000)]
=>0x00000000565a4800 JavaThread "C2 CompilerThread0" daemon [_thread_in_native, id=8592, stack(0x0000000056d50000,0x0000000056e50000)]
  0x00000000565a1800 JavaThread "Attach Listener" daemon [_thread_blocked, id=10536, stack(0x0000000056c00000,0x0000000056d00000)]
  0x0000000055178800 JavaThread "Signal Dispatcher" daemon [_thread_blocked, id=11120, stack(0x0000000056a50000,0x0000000056b50000)]
  0x0000000055118000 JavaThread "Finalizer" daemon [_thread_blocked, id=10712, stack(0x00000000564a0000,0x00000000565a0000)]
  0x0000000055111000 JavaThread "Reference Handler" daemon [_thread_blocked, id=1088, stack(0x0000000056390000,0x0000000056490000)]
  0x000000000056f800 JavaThread "main" [_thread_blocked, id=10632, stack(0x00000000024a0000,0x00000000025a0000)]

Other Threads:
  0x000000005510b800 VMThread [stack: 0x0000000056280000,0x0000000056380000] [id=1892]
  0x0000000056637000 WatcherThread [stack: 0x0000000057490000,0x0000000057590000] [id=10664]

VM state:not at safepoint (normal execution)

VM Mutex/Monitor currently owned by a thread: None

Heap:
 PSYoungGen      total 273920K, used 117590K [0x00000000eab00000, 0x00000000fd380000, 0x0000000100000000)
  eden space 248320K, 47% used [0x00000000eab00000,0x00000000f1dd5840,0x00000000f9d80000)
  from space 25600K, 0% used [0x00000000f9d80000,0x00000000f9d80000,0x00000000fb680000)
  to   space 24576K, 0% used [0x00000000fbb80000,0x00000000fbb80000,0x00000000fd380000)
 ParOldGen       total 68096K, used 68005K [0x00000000c0000000, 0x00000000c4280000, 0x00000000eab00000)
  object space 68096K, 99% used [0x00000000c0000000,0x00000000c4269588,0x00000000c4280000)
 Metaspace       used 70883K, capacity 73764K, committed 74112K, reserved 1114112K
  class space    used 9574K, capacity 10271K, committed 10368K, reserved 1048576K

Card table byte_map: [0x0000000011c30000,0x0000000011e40000] byte_map_base: 0x0000000011630000

Marking Bits: (ParMarkBitMap*) 0x0000000058c0a5b0
 Begin Bits: [0x0000000012580000, 0x0000000013580000)
 End Bits:   [0x0000000013580000, 0x0000000014580000)

Polling page: 0x0000000000240000

CodeCache: size=245760Kb used=33851Kb max_used=34666Kb free=211908Kb
 bounds [0x0000000002870000, 0x0000000004a90000, 0x0000000011870000]
 total_blobs=10759 nmethods=9971 adapters=698
 compilation: enabled

Compilation events (10 events):
Event: 183.597 Thread 0x00000000565ab800 12683       3       java.util.concurrent.ThreadPoolExecutor::runStateAtLeast (11 bytes)
Event: 183.597 Thread 0x00000000565ab800 nmethod 12683 0x0000000003977490 code [0x00000000039775e0, 0x0000000003977770]
Event: 183.610 Thread 0x00000000565ab800 12684  s    1       com.android.builder.png.AaptProcess$ProcessOutputFacade::getNotifier (5 bytes)
Event: 183.611 Thread 0x00000000565ab800 nmethod 12684 0x0000000003bdf910 code [0x0000000003bdfa60, 0x0000000003bdfcd0]
Event: 183.611 Thread 0x00000000565ab800 12685       1       com.android.builder.png.AaptProcess$NotifierProcessOutput::access$500 (5 bytes)
Event: 183.611 Thread 0x00000000565ab800 nmethod 12685 0x00000000040464d0 code [0x0000000004046620, 0x0000000004046710]
Event: 183.612 Thread 0x00000000565ab800 12686       1       com.google.common.cache.LocalCache$2::peek (2 bytes)
Event: 183.612 Thread 0x00000000565ab800 nmethod 12686 0x000000000494d990 code [0x000000000494dae0, 0x000000000494dbf0]
Event: 183.615 Thread 0x00000000565ab800 12687       3       com.android.builder.png.AaptProcess$ProcessOutputFacade::toString (29 bytes)
Event: 183.616 Thread 0x00000000565ab800 nmethod 12687 0x0000000004565210 code [0x0000000004565400, 0x0000000004565c48]

GC Heap History (10 events):
Event: 33.395 GC heap before
{Heap before GC invocations=17 (full 2):
 PSYoungGen      total 265728K, used 89693K [0x00000000eab00000, 0x00000000fd580000, 0x0000000100000000)
  eden space 248320K, 29% used [0x00000000eab00000,0x00000000ef19de08,0x00000000f9d80000)
  from space 17408K, 99% used [0x00000000fb680000,0x00000000fc7798e0,0x00000000fc780000)
  to   space 25600K, 0% used [0x00000000f9d80000,0x00000000f9d80000,0x00000000fb680000)
 ParOldGen       total 68096K, used 48082K [0x00000000c0000000, 0x00000000c4280000, 0x00000000eab00000)
  object space 68096K, 70% used [0x00000000c0000000,0x00000000c2ef4bb8,0x00000000c4280000)
 Metaspace       used 52711K, capacity 54948K, committed 55040K, reserved 1095680K
  class space    used 7329K, capacity 7880K, committed 7936K, reserved 1048576K
Event: 33.466 GC heap after
Heap after GC invocations=17 (full 2):
 PSYoungGen      total 273920K, used 5985K [0x00000000eab00000, 0x00000000fd380000, 0x0000000100000000)
  eden space 248320K, 0% used [0x00000000eab00000,0x00000000eab00000,0x00000000f9d80000)
  from space 25600K, 23% used [0x00000000f9d80000,0x00000000fa358438,0x00000000fb680000)
  to   space 24576K, 0% used [0x00000000fbb80000,0x00000000fbb80000,0x00000000fd380000)
 ParOldGen       total 68096K, used 63531K [0x00000000c0000000, 0x00000000c4280000, 0x00000000eab00000)
  object space 68096K, 93% used [0x00000000c0000000,0x00000000c3e0aee0,0x00000000c4280000)
 Metaspace       used 52711K, capacity 54948K, committed 55040K, reserved 1095680K
  class space    used 7329K, capacity 7880K, committed 7936K, reserved 1048576K
}
Event: 33.466 GC heap before
{Heap before GC invocations=18 (full 3):
 PSYoungGen      total 273920K, used 5985K [0x00000000eab00000, 0x00000000fd380000, 0x0000000100000000)
  eden space 248320K, 0% used [0x00000000eab00000,0x00000000eab00000,0x00000000f9d80000)
  from space 25600K, 23% used [0x00000000f9d80000,0x00000000fa358438,0x00000000fb680000)
  to   space 24576K, 0% used [0x00000000fbb80000,0x00000000fbb80000,0x00000000fd380000)
 ParOldGen       total 68096K, used 63531K [0x00000000c0000000, 0x00000000c4280000, 0x00000000eab00000)
  object space 68096K, 93% used [0x00000000c0000000,0x00000000c3e0aee0,0x00000000c4280000)
 Metaspace       used 52711K, capacity 54948K, committed 55040K, reserved 1095680K
  class space    used 7329K, capacity 7880K, committed 7936K, reserved 1048576K
Event: 34.268 GC heap after
Heap after GC invocations=18 (full 3):
 PSYoungGen      total 273920K, used 0K [0x00000000eab00000, 0x00000000fd380000, 0x0000000100000000)
  eden space 248320K, 0% used [0x00000000eab00000,0x00000000eab00000,0x00000000f9d80000)
  from space 25600K, 0% used [0x00000000f9d80000,0x00000000f9d80000,0x00000000fb680000)
  to   space 24576K, 0% used [0x00000000fbb80000,0x00000000fbb80000,0x00000000fd380000)
 ParOldGen       total 68096K, used 62713K [0x00000000c0000000, 0x00000000c4280000, 0x00000000eab00000)
  object space 68096K, 92% used [0x00000000c0000000,0x00000000c3d3e7d8,0x00000000c4280000)
 Metaspace       used 52677K, capacity 54828K, committed 55040K, reserved 1095680K
  class space    used 7319K, capacity 7840K, committed 7936K, reserved 1048576K
}
Event: 43.022 GC heap before
{Heap before GC invocations=19 (full 4):
 PSYoungGen      total 273920K, used 248320K [0x00000000eab00000, 0x00000000fd380000, 0x0000000100000000)
  eden space 248320K, 100% used [0x00000000eab00000,0x00000000f9d80000,0x00000000f9d80000)
  from space 25600K, 0% used [0x00000000f9d80000,0x00000000f9d80000,0x00000000fb680000)
  to   space 24576K, 0% used [0x00000000fbb80000,0x00000000fbb80000,0x00000000fd380000)
 ParOldGen       total 68096K, used 62713K [0x00000000c0000000, 0x00000000c4280000, 0x00000000eab00000)
  object space 68096K, 92% used [0x00000000c0000000,0x00000000c3d3e7d8,0x00000000c4280000)
 Metaspace       used 63049K, capacity 65538K, committed 65664K, reserved 1105920K
  class space    used 8695K, capacity 9275K, committed 9344K, reserved 1048576K
Event: 43.751 GC heap after
Heap after GC invocations=19 (full 4):
 PSYoungGen      total 273920K, used 15080K [0x00000000eab00000, 0x00000000fd380000, 0x0000000100000000)
  eden space 248320K, 6% used [0x00000000eab00000,0x00000000eb9ba140,0x00000000f9d80000)
  from space 25600K, 0% used [0x00000000f9d80000,0x00000000f9d80000,0x00000000fb680000)
  to   space 24576K, 0% used [0x00000000fbb80000,0x00000000fbb80000,0x00000000fd380000)
 ParOldGen       total 68096K, used 67888K [0x00000000c0000000, 0x00000000c4280000, 0x00000000eab00000)
  object space 68096K, 99% used [0x00000000c0000000,0x00000000c424c2a8,0x00000000c4280000)
 Metaspace       used 62822K, capacity 65280K, committed 65664K, reserved 1105920K
  class space    used 8650K, capacity 9229K, committed 9344K, reserved 1048576K
}
Event: 172.501 GC heap before
{Heap before GC invocations=20 (full 5):
 PSYoungGen      total 273920K, used 248320K [0x00000000eab00000, 0x00000000fd380000, 0x0000000100000000)
  eden space 248320K, 100% used [0x00000000eab00000,0x00000000f9d80000,0x00000000f9d80000)
  from space 25600K, 0% used [0x00000000f9d80000,0x00000000f9d80000,0x00000000fb680000)
  to   space 24576K, 0% used [0x00000000fbb80000,0x00000000fbb80000,0x00000000fd380000)
 ParOldGen       total 68096K, used 67888K [0x00000000c0000000, 0x00000000c4280000, 0x00000000eab00000)
  object space 68096K, 99% used [0x00000000c0000000,0x00000000c424c2a8,0x00000000c4280000)
 Metaspace       used 69206K, capacity 72068K, committed 72320K, reserved 1112064K
  class space    used 9410K, capacity 10081K, committed 10112K, reserved 1048576K
Event: 173.797 GC heap after
Heap after GC invocations=20 (full 5):
 PSYoungGen      total 273920K, used 16145K [0x00000000eab00000, 0x00000000fd380000, 0x0000000100000000)
  eden space 248320K, 6% used [0x00000000eab00000,0x00000000ebac45d8,0x00000000f9d80000)
  from space 25600K, 0% used [0x00000000f9d80000,0x00000000f9d80000,0x00000000fb680000)
  to   space 24576K, 0% used [0x00000000fbb80000,0x00000000fbb80000,0x00000000fd380000)
 ParOldGen       total 68096K, used 67645K [0x00000000c0000000, 0x00000000c4280000, 0x00000000eab00000)
  object space 68096K, 99% used [0x00000000c0000000,0x00000000c420f5b0,0x00000000c4280000)
 Metaspace       used 69155K, capacity 71958K, committed 72320K, reserved 1112064K
  class space    used 9397K, capacity 10067K, committed 10112K, reserved 1048576K
}
Event: 181.852 GC heap before
{Heap before GC invocations=21 (full 6):
 PSYoungGen      total 273920K, used 248320K [0x00000000eab00000, 0x00000000fd380000, 0x0000000100000000)
  eden space 248320K, 100% used [0x00000000eab00000,0x00000000f9d80000,0x00000000f9d80000)
  from space 25600K, 0% used [0x00000000f9d80000,0x00000000f9d80000,0x00000000fb680000)
  to   space 24576K, 0% used [0x00000000fbb80000,0x00000000fbb80000,0x00000000fd380000)
 ParOldGen       total 68096K, used 67645K [0x00000000c0000000, 0x00000000c4280000, 0x00000000eab00000)
  object space 68096K, 99% used [0x00000000c0000000,0x00000000c420f5b0,0x00000000c4280000)
 Metaspace       used 70450K, capacity 73348K, committed 73600K, reserved 1112064K
  class space    used 9539K, capacity 10239K, committed 10368K, reserved 1048576K
Event: 182.899 GC heap after
Heap after GC invocations=21 (full 6):
 PSYoungGen      total 273920K, used 29051K [0x00000000eab00000, 0x00000000fd380000, 0x0000000100000000)
  eden space 248320K, 11% used [0x00000000eab00000,0x00000000ec75ee68,0x00000000f9d80000)
  from space 25600K, 0% used [0x00000000f9d80000,0x00000000f9d80000,0x00000000fb680000)
  to   space 24576K, 0% used [0x00000000fbb80000,0x00000000fbb80000,0x00000000fd380000)
 ParOldGen       total 68096K, used 68005K [0x00000000c0000000, 0x00000000c4280000, 0x00000000eab00000)
  object space 68096K, 99% used [0x00000000c0000000,0x00000000c4269588,0x00000000c4280000)
 Metaspace       used 70450K, capacity 73348K, committed 73600K, reserved 1112064K
  class space    used 9539K, capacity 10239K, committed 10368K, reserved 1048576K
}

Deoptimization events (10 events):
Event: 183.131 Thread 0x000000005c278000 Uncommon trap: reason=class_check action=maybe_recompile pc=0x000000000312ee88 method=java.util.concurrent.ConcurrentHashMap.putVal(Ljava/lang/Object;Ljava/lang/Object;Z)Ljava/lang/Object; @ 192
Event: 183.133 Thread 0x000000005c279800 Uncommon trap: reason=class_check action=maybe_recompile pc=0x000000000312ee88 method=java.util.concurrent.ConcurrentHashMap.putVal(Ljava/lang/Object;Ljava/lang/Object;Z)Ljava/lang/Object; @ 192
Event: 183.172 Thread 0x000000005c278800 Uncommon trap: reason=class_check action=maybe_recompile pc=0x000000000312ee88 method=java.util.concurrent.ConcurrentHashMap.putVal(Ljava/lang/Object;Ljava/lang/Object;Z)Ljava/lang/Object; @ 192
Event: 183.221 Thread 0x000000005c275000 Uncommon trap: reason=unstable_if action=reinterpret pc=0x0000000004394a14 method=com.sun.org.apache.xerces.internal.dom.ChildNode.parentNode()Lcom/sun/org/apache/xerces/internal/dom/NodeImpl; @ 4
Event: 183.222 Thread 0x000000005c275000 Uncommon trap: reason=unstable_if action=reinterpret pc=0x0000000003a7cc10 method=com.sun.org.apache.xerces.internal.dom.NodeImpl.isOwned(Z)V @ 2
Event: 183.222 Thread 0x000000005c275000 Uncommon trap: reason=unstable_if action=reinterpret pc=0x0000000004a0ae54 method=com.sun.org.apache.xerces.internal.dom.CoreDocumentImpl.setUserData(Lorg/w3c/dom/Node;Ljava/lang/String;Ljava/lang/Object;Lorg/w3c/dom/UserDataHandler;)Ljava/lang/Object; @ 1ÿÈIèf@
Event: 183.259 Thread 0x000000005c275000 Uncommon trap: reason=class_check action=maybe_recompile pc=0x0000000004a22db8 method=com.sun.org.apache.xerces.internal.dom.NodeImpl.getUserData(Ljava/lang/String;)Ljava/lang/Object; @ 1
Event: 183.259 Thread 0x000000005c275000 Uncommon trap: reason=class_check action=maybe_recompile pc=0x0000000004a22db8 method=com.sun.org.apache.xerces.internal.dom.NodeImpl.getUserData(Ljava/lang/String;)Ljava/lang/Object; @ 1
Event: 183.259 Thread 0x000000005c275000 Uncommon trap: reason=class_check action=maybe_recompile pc=0x0000000004a22db8 method=com.sun.org.apache.xerces.internal.dom.NodeImpl.getUserData(Ljava/lang/String;)Ljava/lang/Object; @ 1
Event: 183.259 Thread 0x000000005c275000 Uncommon trap: reason=class_check action=maybe_recompile pc=0x0000000004a22db8 method=com.sun.org.apache.xerces.internal.dom.NodeImpl.getUserData(Ljava/lang/String;)Ljava/lang/Object; @ 1

Internal exceptions (10 events):
Event: 69.947 Thread 0x0000000056731800 Exception <a 'java/lang/NoSuchMethodError': <clinit>> (0x00000000f71062e8) thrown at [C:\re\workspace\8-2-build-windows-amd64-cygwin\jdk8u66\5298\hotspot\src\share\vm\prims\jni.cpp, line 1591]
Event: 69.947 Thread 0x0000000056731800 Exception <a 'java/lang/NoSuchMethodError': <clinit>> (0x00000000f71099b8) thrown at [C:\re\workspace\8-2-build-windows-amd64-cygwin\jdk8u66\5298\hotspot\src\share\vm\prims\jni.cpp, line 1591]
Event: 171.962 Thread 0x000000005c275000 Exception <a 'java/lang/ClassNotFoundException': asLocalRepo219_9ico4i7xuq62qrlloipig8c6qBeanInfo> (0x00000000f82aede8) thrown at [C:\re\workspace\8-2-build-windows-amd64-cygwin\jdk8u66\5298\hotspot\src\share\vm\classfile\systemDictionary.cpp, line 210]
Event: 171.962 Thread 0x000000005c275000 Exception <a 'java/lang/ClassNotFoundException': asLocalRepo219_9ico4i7xuq62qrlloipig8c6qCustomizer> (0x00000000f82b8388) thrown at [C:\re\workspace\8-2-build-windows-amd64-cygwin\jdk8u66\5298\hotspot\src\share\vm\classfile\systemDictionary.cpp, line 210]
Event: 175.096 Thread 0x000000005c275000 Implicit null exception at 0x000000000463d63d to 0x000000000463d7ec
Event: 175.313 Thread 0x000000005c275000 Implicit null exception at 0x00000000047fe6c4 to 0x00000000047fef3d
Event: 175.386 Thread 0x000000005c275000 Exception <a 'java/lang/ClassNotFoundException': org/gradle/api/internal/file/collections/DefaultConfigurableFileCollectionBeanInfo> (0x00000000f097f7b0) thrown at [C:\re\workspace\8-2-build-windows-amd64-cygwin\jdk8u66\5298\hotspot\src\share\vm\classfile\Ÿ²Ü~`ìe@
Event: 175.387 Thread 0x000000005c275000 Exception <a 'java/lang/ClassNotFoundException': org/gradle/api/internal/file/collections/DefaultConfigurableFileCollectionCustomizer> (0x00000000f09931f8) thrown at [C:\re\workspace\8-2-build-windows-amd64-cygwin\jdk8u66\5298\hotspot\src\share\vm\classfilukÂ"œíe@
Event: 175.425 Thread 0x000000005c275000 Implicit null exception at 0x0000000003396bca to 0x0000000003396de1
Event: 182.995 Thread 0x000000005c275000 Implicit null exception at 0x0000000004a257bc to 0x0000000004a273e9

Events (10 events):
Event: 183.469 Executing VM operation: RevokeBias done
Event: 183.479 Thread 0x000000005ae32000 Thread added: 0x000000005ae32000
Event: 183.479 Thread 0x000000005ae32800 Thread added: 0x000000005ae32800
Event: 183.479 Thread 0x000000005ae33800 Thread added: 0x000000005ae33800
Event: 183.479 Thread 0x000000005ae34000 Thread added: 0x000000005ae34000
Event: 183.479 Thread 0x000000005ae35000 Thread added: 0x000000005ae35000
Event: 183.490 Thread 0x00000000596d9000 Thread added: 0x00000000596d9000
Event: 183.491 Thread 0x00000000596d9800 Thread added: 0x00000000596d9800
Event: 183.538 Thread 0x000000005c275000 DEOPT PACKING pc=0x0000000002a90db7 sp=0x000000005a12bde0
Event: 183.538 Thread 0x000000005c275000 DEOPT UNPACKING pc=0x00000000028b787f sp=0x000000005a12bbe8 mode 0


Dynamic libraries:
0x000000013f290000 - 0x000000013f2c7000 	C:\Program Files\Java\jdk1.8.0_66\bin\java.exe
0x0000000077c60000 - 0x0000000077e0a000 	C:\windows\SYSTEM32\ntdll.dll
0x000007fef7250000 - 0x000007fef7282000 	C:\Program Files (x86)\AVG\AVG2015\avghooka.dll
0x0000000077b40000 - 0x0000000077c5f000 	C:\windows\system32\kernel32.dll
0x000007fefc850000 - 0x000007fefc8bb000 	C:\windows\system32\KERNELBASE.dll
0x000007fefe9a0000 - 0x000007fefea7b000 	C:\windows\system32\ADVAPI32.dll
0x000007fefcd50000 - 0x000007fefcdef000 	C:\windows\system32\msvcrt.dll
0x000007fefd430000 - 0x000007fefd44f000 	C:\windows\SYSTEM32\sechost.dll
0x000007fefcb00000 - 0x000007fefcc2d000 	C:\windows\system32\RPCRT4.dll
0x0000000000350000 - 0x000000000044a000 	C:\windows\system32\USER32.dll
0x000007fefcce0000 - 0x000007fefcd47000 	C:\windows\system32\GDI32.dll
0x000007fefd0c0000 - 0x000007fefd0ce000 	C:\windows\system32\LPK.dll
0x000007fefe8d0000 - 0x000007fefe99a000 	C:\windows\system32\USP10.dll
0x000007fefb010000 - 0x000007fefb204000 	C:\windows\WinSxS\amd64_microsoft.windows.common-controls_6595b64144ccf1df_6.0.7601.18837_none_fa3b1e3d17594757\COMCTL32.dll
0x000007fefca80000 - 0x000007fefcaf1000 	C:\windows\system32\SHLWAPI.dll
0x000007fefea80000 - 0x000007fefeaae000 	C:\windows\system32\IMM32.DLL
0x000007fefd820000 - 0x000007fefd929000 	C:\windows\system32\MSCTF.dll
0x0000000058180000 - 0x0000000058252000 	C:\Program Files\Java\jdk1.8.0_66\jre\bin\msvcr100.dll
0x0000000058400000 - 0x0000000058c89000 	C:\Program Files\Java\jdk1.8.0_66\jre\bin\server\jvm.dll
0x000007fef97e0000 - 0x000007fef97e9000 	C:\windows\system32\WSOCK32.dll
0x000007fefcc30000 - 0x000007fefcc7d000 	C:\windows\system32\WS2_32.dll
0x000007fefca70000 - 0x000007fefca78000 	C:\windows\system32\NSI.dll
0x000007fefa700000 - 0x000007fefa73b000 	C:\windows\system32\WINMM.dll
0x000007fefb9e0000 - 0x000007fefb9ec000 	C:\windows\system32\VERSION.dll
0x0000000077e20000 - 0x0000000077e27000 	C:\windows\system32\PSAPI.DLL
0x000000006b1c0000 - 0x000000006b1cf000 	C:\Program Files\Java\jdk1.8.0_66\jre\bin\verify.dll
0x000000006b070000 - 0x000000006b099000 	C:\Program Files\Java\jdk1.8.0_66\jre\bin\java.dll
0x000000006b1a0000 - 0x000000006b1b6000 	C:\Program Files\Java\jdk1.8.0_66\jre\bin\zip.dll
0x000007fefdb40000 - 0x000007fefe8ca000 	C:\windows\system32\SHELL32.dll
0x000007fefd930000 - 0x000007fefdb33000 	C:\windows\system32\ole32.dll
0x000007fefc6b0000 - 0x000007fefc6bf000 	C:\windows\system32\profapi.dll
0x000000006a0a0000 - 0x000000006a0ba000 	C:\Program Files\Java\jdk1.8.0_66\jre\bin\net.dll
0x000007fefbe90000 - 0x000007fefbee5000 	C:\windows\system32\mswsock.dll
0x000007fefbe80000 - 0x000007fefbe87000 	C:\windows\System32\wship6.dll
0x000000006a080000 - 0x000000006a091000 	C:\Program Files\Java\jdk1.8.0_66\jre\bin\nio.dll
0x000007fef0aa0000 - 0x000007fef0ab2000 	C:\Users\DABBY(3pleMinds)\.gradle\native\19\windows-amd64\native-platform.dll
0x000007fef9790000 - 0x000007fef97b7000 	C:\windows\system32\IPHLPAPI.DLL
0x000007fef9780000 - 0x000007fef978b000 	C:\windows\system32\WINNSI.DLL
0x000007fef95b0000 - 0x000007fef95c8000 	C:\windows\system32\dhcpcsvc.DLL
0x000007fef9110000 - 0x000007fef9121000 	C:\windows\system32\dhcpcsvc6.DLL
0x000007fefbef0000 - 0x000007fefbf08000 	C:\windows\system32\CRYPTSP.dll
0x000007fefbbf0000 - 0x000007fefbc37000 	C:\windows\system32\rsaenh.dll
0x000007fefc8c0000 - 0x000007fefc8de000 	C:\windows\system32\USERENV.dll
0x000007fefc4f0000 - 0x000007fefc4ff000 	C:\windows\system32\CRYPTBASE.dll
0x000007fefc5a0000 - 0x000007fefc5f7000 	C:\windows\system32\apphelp.dll
0x000000006b060000 - 0x000000006b06d000 	C:\Program Files\Java\jdk1.8.0_66\jre\bin\management.dll
0x00000000021f0000 - 0x0000000002214000 	C:\Program Files\Java\jdk1.8.0_66\jre\bin\sunec.dll
0x000007fef9c60000 - 0x000007fef9c75000 	C:\windows\system32\NLAapi.dll
0x000007fef1f70000 - 0x000007fef1f85000 	C:\windows\system32\napinsp.dll
0x000007fef1f50000 - 0x000007fef1f69000 	C:\windows\system32\pnrpnsp.dll
0x000000006f640000 - 0x000000006f66e000 	C:\Program Files\Common Files\Microsoft Shared\Windows Live\WLIDNSP.DLL
0x000007fefbd10000 - 0x000007fefbd6b000 	C:\windows\system32\DNSAPI.dll
0x000007fef5c10000 - 0x000007fef5c1b000 	C:\windows\System32\winrnr.dll
0x000007fef1f20000 - 0x000007fef1f30000 	C:\windows\system32\wshbth.dll
0x000007fefb790000 - 0x000007fefb797000 	C:\windows\System32\wshtcpip.dll
0x000007fef6cd0000 - 0x000007fef6cd8000 	C:\windows\system32\rasadhlp.dll
0x000007fef9420000 - 0x000007fef9473000 	C:\windows\System32\fwpuclnt.dll

VM Arguments:
jvm_args: -XX:MaxPermSize=256m -XX:+HeapDumpOnOutOfMemoryError -Xmx1024m -Dfile.encoding=windows-1252 -Duser.country=US -Duser.language=en -Duser.variant 
java_command: org.gradle.launcher.daemon.bootstrap.GradleDaemon 2.11
java_class_path (initial): C:\Users\DABBY(3pleMinds)\.gradle\wrapper\dists\gradle-2.11-all\ace7yl0a7udokebb27mt9s3qr\gradle-2.11\lib\gradle-launcher-2.11.jar
Launcher Type: SUN_STANDARD

Environment Variables:
PATH=C:\ProgramData\Oracle\Java\javapath;C:\xampp\apache\bin;C:\xampp\mysql\bin;C:\Program Files\Java\jre1.8.0_66\bin; C:\Program Files\Java\jdk1.8.0_66\bin;C:\Program Files (x86)\PC Connectivity Solution\;C:\Program Files\Common Files\Microsoft Shared\WindowsLive; C:\windows\system32;C:\windows;C:\windows\System32\Wbem;C:\windows\System32\WindowsPowerShell\v1.0\;C:\Program Files (x86)\Common Files\Roxio Shared\DLLShared\;C:\Program Files (x86)\Common Files\Roxio Shared\OEM\DLLShared\;C:\Program Files (x86)\Common Files\Roxio Shared\OEM\DLLShared\;C:\Program Files (x86)\Common Files\Roxio Shared\OEM\12.0\DLLShared\;C:\Program Files (x86)\Roxio\OEM\AudioCore\;C:\Program Files (x86)\Intel\Services\IPT\; C:\Program Files (x86)\MySQL\sqlite-shell-win32-x86-3080500;C:\cygwin64\bin;C:\Program Files\nodejs\node.exe;C:\wamp\bin\php\php5.5.12;C:\ProgramData\ComposerSetup\bin;C:\windows\system32;C:\Program Files (x86)\Skype\Phone\;C:\Program Files\nodejs\;C:\Program Files\nodejs\node.exe;%ANT_HOME%;%ANDROID_HOME%;%ANDROID_TOOL%;C:\\Users\DABBY(3pleMinds)\AppData\Roaming\Composer\vendor\bin;C:\Users\DABBY(3pleMinds)\AppData\Roaming\npm
USERNAME=DABBY(3pleMinds)
OS=Windows_NT
PROCESSOR_IDENTIFIER=Intel64 Family 6 Model 42 Stepping 7, GenuineIntel



---------------  S Y S T E M  ---------------

OS: Windows 7 , 64 bit Build 7601 (6.1.7601.19135)

CPU:total 4 (2 cores per cpu, 2 threads per core) family 6 model 42 stepping 7, cmov, cx8, fxsr, mmx, sse, sse2, sse3, ssse3, sse4.1, sse4.2, popcnt, avx, aes, clmul, ht, tsc, tscinvbit

Memory: 4k page, physical 6224236k(44644k free), swap 7962824k(5092k free)

vm_info: Java HotSpot(TM) 64-Bit Server VM (25.66-b18) for windows-amd64 JRE (1.8.0_66-b18), built on Nov  9 2015 10:51:13 by "java_re" with MS VC++ 10.0 (VS2010)

time: Wed Mar 09 15:38:51 2016
elapsed time: 183 seconds (0d 0h 3m 3s)

