#
# There is insufficient memory for the Java Runtime Environment to continue.
# Native memory allocation (malloc) failed to allocate 1048576 bytes for AllocateHeap
# Possible reasons:
#   The system is out of physical RAM or swap space
#   In 32 bit mode, the process size limit was hit
# Possible solutions:
#   Reduce memory load on the system
#   Increase physical memory or swap space
#   Check if swap backing store is full
#   Use 64 bit Java on a 64 bit OS
#   Decrease Java heap size (-Xmx/-Xms)
#   Decrease number of Java threads
#   Decrease Java thread stack sizes (-Xss)
#   Set larger code cache with -XX:ReservedCodeCacheSize=
# This output file may be truncated or incomplete.
#
#  Out of Memory Error (memory/allocation.inline.hpp:61), pid=12272, tid=3760
#
# JRE version:  (8.0_66-b18) (build )
# Java VM: Java HotSpot(TM) 64-Bit Server VM (25.66-b18 mixed mode windows-amd64 compressed oops)
# Failed to write core dump. Minidumps are not enabled by default on client versions of Windows
#

---------------  T H R E A D  ---------------

Current thread (0x0000000001e3f800):  JavaThread "Unknown thread" [_thread_in_vm, id=3760, stack(0x0000000002530000,0x0000000002630000)]

Stack: [0x0000000002530000,0x0000000002630000]
[error occurred during error reporting (printing stack bounds), id 0xc0000005]

Native frames: (J=compiled Java code, j=interpreted, Vv=VM code, C=native code)


---------------  P R O C E S S  ---------------

Java Threads: ( => current thread )

Other Threads:

=>0x0000000001e3f800 (exited) JavaThread "Unknown thread" [_thread_in_vm, id=3760, stack(0x0000000002530000,0x0000000002630000)]

VM state:not at safepoint (normal execution)

VM Mutex/Monitor currently owned by a thread: None

Heap:
 PSYoungGen      total 28672K, used 491K [0x00000000eab00000, 0x00000000ecb00000, 0x0000000100000000)
  eden space 24576K, 2% used [0x00000000eab00000,0x00000000eab7ae20,0x00000000ec300000)
  from space 4096K, 0% used [0x00000000ec700000,0x00000000ec700000,0x00000000ecb00000)
  to   space 4096K, 0% used [0x00000000ec300000,0x00000000ec300000,0x00000000ec700000)
 ParOldGen       total 65536K, used 0K [0x00000000c0000000, 0x00000000c4000000, 0x00000000eab00000)
  object space 65536K, 0% used [0x00000000c0000000,0x00000000c0000000,0x00000000c4000000)
 Metaspace       used 767K, capacity 4480K, committed 4480K, reserved 1056768K
  class space    used 75K, capacity 384K, committed 384K, reserved 1048576K

Card table byte_map: [0x0000000011cc0000,0x0000000011ed0000] byte_map_base: 0x00000000116c0000

Marking Bits: (ParMarkBitMap*) 0x0000000057e2a5b0
 Begin Bits: [0x00000000126e0000, 0x00000000136e0000)
 End Bits:   [0x00000000136e0000, 0x00000000146e0000)

Polling page: 0x00000000006d0000

CodeCache: size=245760Kb used=328Kb max_used=328Kb free=245431Kb
 bounds [0x0000000002900000, 0x0000000002b70000, 0x0000000011900000]
 total_blobs=57 nmethods=0 adapters=37
 compilation: enabled

Compilation events (0 events):
No events

GC Heap History (0 events):
No events

Deoptimization events (0 events):
No events

Internal exceptions (0 events):
No events

Events (10 events):
Event: 0.049 loading class java/lang/Short
Event: 0.049 loading class java/lang/Short done
Event: 0.049 loading class java/lang/Integer
Event: 0.050 loading class java/lang/Integer done
Event: 0.050 loading class java/lang/Long
Event: 0.050 loading class java/lang/Long done
Event: 0.051 loading class java/lang/NullPointerException
Event: 0.051 loading class java/lang/NullPointerException done
Event: 0.051 loading class java/lang/ArithmeticException
Event: 0.051 loading class java/lang/ArithmeticException done


Dynamic libraries:
0x000000013fd40000 - 0x000000013fd77000 	C:\Program Files\Java\jdk1.8.0_66\bin\java.exe
0x0000000076f80000 - 0x000000007712a000 	C:\windows\SYSTEM32\ntdll.dll
0x000007fef6570000 - 0x000007fef65a2000 	C:\Program Files (x86)\AVG\AVG2015\avghooka.dll
0x0000000076e60000 - 0x0000000076f7f000 	C:\windows\system32\kernel32.dll
0x000007fefba90000 - 0x000007fefbafb000 	C:\windows\system32\KERNELBASE.dll
0x000007fefc560000 - 0x000007fefc63b000 	C:\windows\system32\ADVAPI32.dll
0x000007fefd960000 - 0x000007fefd9ff000 	C:\windows\system32\msvcrt.dll
0x000007fefc150000 - 0x000007fefc16f000 	C:\windows\SYSTEM32\sechost.dll
0x000007fefc690000 - 0x000007fefc7bd000 	C:\windows\system32\RPCRT4.dll
0x00000000000e0000 - 0x00000000001da000 	C:\windows\system32\USER32.dll
0x000007fefbd90000 - 0x000007fefbdf7000 	C:\windows\system32\GDI32.dll
0x000007fefbe00000 - 0x000007fefbe0e000 	C:\windows\system32\LPK.dll
0x000007fefbef0000 - 0x000007fefbfba000 	C:\windows\system32\USP10.dll
0x000007fefa330000 - 0x000007fefa524000 	C:\windows\WinSxS\amd64_microsoft.windows.common-controls_6595b64144ccf1df_6.0.7601.18837_none_fa3b1e3d17594757\COMCTL32.dll
0x000007fefd800000 - 0x000007fefd871000 	C:\windows\system32\SHLWAPI.dll
0x000007fefd690000 - 0x000007fefd6be000 	C:\windows\system32\IMM32.DLL
0x000007fefd580000 - 0x000007fefd689000 	C:\windows\system32\MSCTF.dll
0x000000005d9d0000 - 0x000000005daa2000 	C:\Program Files\Java\jdk1.8.0_66\jre\bin\msvcr100.dll
0x0000000057620000 - 0x0000000057ea9000 	C:\Program Files\Java\jdk1.8.0_66\jre\bin\server\jvm.dll
0x000007fef8b00000 - 0x000007fef8b09000 	C:\windows\system32\WSOCK32.dll
0x000007fefc640000 - 0x000007fefc68d000 	C:\windows\system32\WS2_32.dll
0x000007fefc7c0000 - 0x000007fefc7c8000 	C:\windows\system32\NSI.dll
0x000007fef9810000 - 0x000007fef984b000 	C:\windows\system32\WINMM.dll
0x000007fefad10000 - 0x000007fefad1c000 	C:\windows\system32\VERSION.dll
0x0000000077150000 - 0x0000000077157000 	C:\windows\system32\PSAPI.DLL
0x000000006a940000 - 0x000000006a94f000 	C:\Program Files\Java\jdk1.8.0_66\jre\bin\verify.dll
0x000000006a7a0000 - 0x000000006a7c9000 	C:\Program Files\Java\jdk1.8.0_66\jre\bin\java.dll
0x000000006a920000 - 0x000000006a936000 	C:\Program Files\Java\jdk1.8.0_66\jre\bin\zip.dll

VM Arguments:
jvm_args: -Djava.awt.headless=true -Xmx1024M -Dfile.encoding=windows-1252 -Duser.country=US -Duser.language=en -Duser.variant 
java_command: com.android.dx.command.Main --dex --num-threads=4 --output C:\Users\DABBY(3pleMinds)\AndroidStudioProjects\Frenzy\app\build\intermediates\pre-dexed\debug\debug_b8382f6d9171d8d4bdf8a1719a2ce7c16e093094.jar C:\Users\DABBY(3pleMinds)\AndroidStudioProjects\Frenzy\app\build\intermediates\classes\debug
java_class_path (initial): C:\Android\sdk\SDK\sdk\build-tools\23.0.1\lib\dx.jar
Launcher Type: SUN_STANDARD

Environment Variables:
PATH=C:\ProgramData\Oracle\Java\javapath;C:\xampp\apache\bin;C:\xampp\mysql\bin;C:\Program Files\Java\jre1.8.0_66\bin; C:\Program Files\Java\jdk1.8.0_66\bin;C:\Program Files (x86)\PC Connectivity Solution\;C:\Program Files\Common Files\Microsoft Shared\WindowsLive; C:\windows\system32;C:\windows;C:\windows\System32\Wbem;C:\windows\System32\WindowsPowerShell\v1.0\;C:\Program Files (x86)\Common Files\Roxio Shared\DLLShared\;C:\Program Files (x86)\Common Files\Roxio Shared\OEM\DLLShared\;C:\Program Files (x86)\Common Files\Roxio Shared\OEM\DLLShared\;C:\Program Files (x86)\Common Files\Roxio Shared\OEM\12.0\DLLShared\;C:\Program Files (x86)\Roxio\OEM\AudioCore\;C:\Program Files (x86)\Intel\Services\IPT\; C:\Program Files (x86)\MySQL\sqlite-shell-win32-x86-3080500;C:\cygwin64\bin;C:\Program Files\nodejs\node.exe;C:\wamp\bin\php\php5.5.12;C:\ProgramData\ComposerSetup\bin;C:\windows\system32;C:\Program Files (x86)\Skype\Phone\;C:\Program Files\nodejs\;C:\Program Files\nodejs\node.exe;%ANT_HOME%;%ANDROID_HOME%;%ANDROID_TOOL%;C:\\Users\DABBY(3pleMinds)\AppData\Roaming\Composer\vendor\bin;C:\Users\DABBY(3pleMinds)\AppData\Roaming\npm
USERNAME=DABBY(3pleMinds)
OS=Windows_NT
PROCESSOR_IDENTIFIER=Intel64 Family 6 Model 42 Stepping 7, GenuineIntel



---------------  S Y S T E M  ---------------

OS: Windows 7 , 64 bit Build 7601 (6.1.7601.19135)

CPU:total 4 (2 cores per cpu, 2 threads per core) family 6 model 42 stepping 7, cmov, cx8, fxsr, mmx, sse, sse2, sse3, ssse3, sse4.1, sse4.2, popcnt, avx, aes, clmul, ht, tsc, tscinvbit

Memory: 4k page, physical 6224236k(633704k free), swap 7329176k(5656k free)

vm_info: Java HotSpot(TM) 64-Bit Server VM (25.66-b18) for windows-amd64 JRE (1.8.0_66-b18), built on Nov  9 2015 10:51:13 by "java_re" with MS VC++ 10.0 (VS2010)

time: Tue Mar 08 13:21:12 2016
elapsed time: 0 seconds (0d 0h 0m 0s)

